<?xml version="1.0" encoding="UTF-8"?>
<testng-results skipped="0" failed="0" total="2" passed="2">
  <reporter-output>
  </reporter-output>
  <suite name="Default suite" duration-ms="40" started-at="2016-06-29T15:25:59Z" finished-at="2016-06-29T15:25:59Z">
    <groups>
    </groups>
    <test name="Default test" duration-ms="40" started-at="2016-06-29T15:25:59Z" finished-at="2016-06-29T15:25:59Z">
      <class name="com.ca.sample.NewTest">
        <test-method status="PASS" signature="beforeMethod()[pri:0, instance:com.ca.sample.NewTest@3387dfac]" name="beforeMethod" is-config="true" duration-ms="10" started-at="2016-06-29T20:55:59Z" finished-at="2016-06-29T20:55:59Z">
          <reporter-output>
          </reporter-output>
        </test-method> <!-- beforeMethod -->
        <test-method status="PASS" signature="f()[pri:0, instance:com.ca.sample.NewTest@3387dfac]" name="f" duration-ms="0" started-at="2016-06-29T20:55:59Z" finished-at="2016-06-29T20:55:59Z">
          <reporter-output>
          </reporter-output>
        </test-method> <!-- f -->
        <test-method status="PASS" signature="afterMethod()[pri:0, instance:com.ca.sample.NewTest@3387dfac]" name="afterMethod" is-config="true" duration-ms="0" started-at="2016-06-29T20:55:59Z" finished-at="2016-06-29T20:55:59Z">
          <reporter-output>
          </reporter-output>
        </test-method> <!-- afterMethod -->
        <test-method status="PASS" signature="f1()[pri:1, instance:com.ca.sample.NewTest@3387dfac]" name="f1" duration-ms="0" started-at="2016-06-29T20:55:59Z" finished-at="2016-06-29T20:55:59Z">
          <reporter-output>
          </reporter-output>
        </test-method> <!-- f1 -->
      </class> <!-- com.ca.sample.NewTest -->
    </test> <!-- Default test -->
  </suite> <!-- Default suite -->
</testng-results>
