<?xml version="1.0" encoding="UTF-8"?>
<testng-results skipped="0" failed="0" total="0" passed="0">
  <reporter-output>
  </reporter-output>
  <suite name="com.ca.sample.AppTest" duration-ms="3" started-at="2016-06-27T15:34:06Z" finished-at="2016-06-27T15:34:06Z">
    <groups>
    </groups>
    <test name="Command line test" duration-ms="3" started-at="2016-06-27T15:34:06Z" finished-at="2016-06-27T15:34:06Z">
    </test> <!-- Command line test -->
  </suite> <!-- com.ca.sample.AppTest -->
</testng-results>
